<?xml version="1.0" encoding="UTF-8"?>
<!-- Generated by org.testng.reporters.JUnitXMLReporter -->
<testsuite hostname="LAPTOP-65O2L0R1" name="Test" tests="3" failures="0" timestamp="24 Aug 2019 08:52:34 GMT" time="20.96" errors="0">
  <testcase name="testCreateIssue" time="19.431" classname="test.JiraApiTest"/>
  <testcase name="reportComment" time="1.046" classname="test.ReportandUpdateComment"/>
  <testcase name="updateComment" time="0.411" classname="test.ReportandUpdateComment"/>
</testsuite> <!-- Test -->
